=== make test @ 2026-03-13 10:56:45 ===
make[1]: Entering directory '/home/drusifer/Projects/Battle-of-Wits'
npm test

> battle-of-wits@0.1.0 test
> vitest run


 RUN  v3.2.4 /home/drusifer/Projects/Battle-of-Wits

 ✓ tests/unit/DataIntegrity.test.js (24 tests) 161ms
 ✓ tests/unit/GameEngine.test.js (30 tests) 87ms
 ✓ tests/unit/Backlog.test.js (6 tests) 165ms
 ✓ tests/unit/GobletManager.test.js (11 tests) 43ms
 ✓ tests/unit/ChatUI.test.js (43 tests) 57ms
 ✓ tests/unit/BacklogSprint4.test.js (32 tests) 99ms
 ✓ tests/unit/BacklogSprint3.test.js (21 tests) 51ms
 ✓ tests/unit/Deck.test.js (27 tests) 39ms
 ✓ tests/unit/DataLoader.test.js (16 tests) 30ms
 ✓ tests/unit/Characters.test.js (30 tests) 35ms
 ✓ tests/unit/TechDebt.test.js (8 tests) 25ms
 ✓ tests/unit/EventBus.test.js (12 tests) 17ms
 ✓ tests/unit/normalize.test.js (11 tests) 7ms
 ✓ tests/unit/RiddleManager.test.js (9 tests) 13ms

 Test Files  14 passed (14)
      Tests  280 passed (280)
   Start at  10:56:45
   Duration  2.62s (transform 424ms, setup 0ms, collect 1.27s, tests 828ms, environment 5ms, prepare 1.96s)

make[1]: Leaving directory '/home/drusifer/Projects/Battle-of-Wits'
